<?xml version="1.0" encoding="UTF-8"?>
<!-- Generated by org.testng.reporters.JUnitReportReporter -->
<testsuite hostname="DESKTOP-9806I4N" failures="0" tests="3" name="report.RunnerSelenium" time="10.844" errors="0" timestamp="2021-03-23T15:39:38 CST" skipped="0">
  <testcase classname="report.RunnerSelenium" name="testCase" time="0.503"/>
  <system-out/>
  <testcase classname="report.RunnerSelenium" name="testCase" time="10.214"/>
  <system-out/>
  <testcase classname="report.RunnerSelenium" name="testCase" time="0.127"/>
  <system-out/>
</testsuite> <!-- report.RunnerSelenium -->
