<?xml version="1.0" encoding="UTF-8"?>
<!-- Generated by org.testng.reporters.JUnitReportReporter -->
<testsuite hostname="DESKTOP-9806I4N" failures="0" tests="4" name="test.TestExcelNG" time="0.040" errors="0" timestamp="2021-03-04T20:30:10 CST" skipped="0">
  <testcase classname="test.TestExcelNG" name="impirmir" time="0.008"/>
  <system-out/>
  <testcase classname="test.TestExcelNG" name="impirmir" time="0.006"/>
  <system-out/>
  <testcase classname="test.TestExcelNG" name="impirmir" time="0.015"/>
  <system-out/>
  <testcase classname="test.TestExcelNG" name="impirmir" time="0.011"/>
  <system-out/>
</testsuite> <!-- test.TestExcelNG -->
