<?xml version="1.0" encoding="UTF-8"?>
<!-- Generated by org.testng.reporters.JUnitReportReporter -->
<testsuite hostname="DESKTOP-9806I4N" failures="0" tests="3" name="test.Extent" time="4.423" errors="0" timestamp="2021-03-16T16:11:19 CST" skipped="0">
  <testcase classname="test.Extent" name="testCase" time="1.998"/>
  <system-out/>
  <testcase classname="test.Extent" name="testCase" time="0.008"/>
  <system-out/>
  <testcase classname="test.Extent" name="testCase" time="2.417"/>
  <system-out/>
</testsuite> <!-- test.Extent -->
