<?xml version="1.0" encoding="UTF-8"?>
<!-- Generated by org.testng.reporters.JUnitReportReporter -->
<testsuite hostname="DESKTOP-9806I4N" failures="0" tests="3" name="test.TestFinalNG" time="5.271" errors="0" timestamp="2021-03-16T14:38:57 CST" skipped="0">
  <testcase classname="test.TestFinalNG" name="testCase" time="1.143"/>
  <system-out/>
  <testcase classname="test.TestFinalNG" name="testCase" time="1.876"/>
  <system-out/>
  <testcase classname="test.TestFinalNG" name="testCase" time="2.252"/>
  <system-out/>
</testsuite> <!-- test.TestFinalNG -->
