<?xml version="1.0" encoding="UTF-8"?>
<!-- Generated by org.testng.reporters.JUnitReportReporter -->
<testsuite hostname="DESKTOP-9806I4N" failures="0" tests="1" name="report.RunnerSelenium" time="26.306" errors="0" timestamp="2021-03-25T16:15:38 CST" skipped="0">
  <testcase classname="report.RunnerSelenium" name="testCase" time="26.306"/>
  <system-out/>
</testsuite> <!-- report.RunnerSelenium -->
